This is pdfTeX, Version 3.141592653-2.6-1.40.29 (MiKTeX 26.2) (preloaded format=pdflatex 2026.5.13)  13 MAY 2026 20:37
entering extended mode
 restricted \write18 enabled.
 %&-line parsing enabled.
**./paper/main_en.tex
(paper/main_en.tex
LaTeX2e <2025-11-01>
L3 programming layer <2026-03-20>
(D:\Miktex\tex/latex/ieeetran\IEEEtran.cls
Document Class: IEEEtran 2015/08/26 V1.8b by Michael Shell
-- See the "IEEEtran_HOWTO" manual for usage information.
-- http://www.michaelshell.org/tex/ieeetran/
\@IEEEtrantmpdimenA=\dimen150
\@IEEEtrantmpdimenB=\dimen151
\@IEEEtrantmpdimenC=\dimen152
\@IEEEtrantmpcountA=\count275
\@IEEEtrantmpcountB=\count276
\@IEEEtrantmpcountC=\count277
\@IEEEtrantmptoksA=\toks17
LaTeX Font Info:    Trying to load font information for OT1+ptm on input line 5
03.
(D:\Miktex\tex/latex/psnfss\ot1ptm.fd
File: ot1ptm.fd 2001/06/04 font definitions for OT1/ptm.
)
-- Using 8.5in x 11in (letter) paper.
-- Using PDF output.
\@IEEEnormalsizeunitybaselineskip=\dimen153
-- This is a 10 point document.
LaTeX Encoding Info:    Redeclaring text command \textunderscore (encoding ?) o
n input line 937.
\CLASSINFOnormalsizebaselineskip=\dimen154
\CLASSINFOnormalsizeunitybaselineskip=\dimen155
\IEEEnormaljot=\dimen156
LaTeX Font Info:    Font shape `OT1/ptm/bx/n' in size <5> not available
(Font)              Font shape `OT1/ptm/b/n' tried instead on input line 1090.
LaTeX Font Info:    Font shape `OT1/ptm/bx/it' in size <5> not available
(Font)              Font shape `OT1/ptm/b/it' tried instead on input line 1090.

LaTeX Font Info:    Font shape `OT1/ptm/bx/n' in size <7> not available
(Font)              Font shape `OT1/ptm/b/n' tried instead on input line 1090.
LaTeX Font Info:    Font shape `OT1/ptm/bx/it' in size <7> not available
(Font)              Font shape `OT1/ptm/b/it' tried instead on input line 1090.

LaTeX Font Info:    Font shape `OT1/ptm/bx/n' in size <8> not available
(Font)              Font shape `OT1/ptm/b/n' tried instead on input line 1090.
LaTeX Font Info:    Font shape `OT1/ptm/bx/it' in size <8> not available
(Font)              Font shape `OT1/ptm/b/it' tried instead on input line 1090.

LaTeX Font Info:    Font shape `OT1/ptm/bx/n' in size <9> not available
(Font)              Font shape `OT1/ptm/b/n' tried instead on input line 1090.
LaTeX Font Info:    Font shape `OT1/ptm/bx/it' in size <9> not available
(Font)              Font shape `OT1/ptm/b/it' tried instead on input line 1090.

LaTeX Font Info:    Font shape `OT1/ptm/bx/n' in size <10> not available
(Font)              Font shape `OT1/ptm/b/n' tried instead on input line 1090.
LaTeX Font Info:    Font shape `OT1/ptm/bx/it' in size <10> not available
(Font)              Font shape `OT1/ptm/b/it' tried instead on input line 1090.

LaTeX Font Info:    Font shape `OT1/ptm/bx/n' in size <11> not available
(Font)              Font shape `OT1/ptm/b/n' tried instead on input line 1090.
LaTeX Font Info:    Font shape `OT1/ptm/bx/it' in size <11> not available
(Font)              Font shape `OT1/ptm/b/it' tried instead on input line 1090.

LaTeX Font Info:    Font shape `OT1/ptm/bx/n' in size <12> not available
(Font)              Font shape `OT1/ptm/b/n' tried instead on input line 1090.
LaTeX Font Info:    Font shape `OT1/ptm/bx/it' in size <12> not available
(Font)              Font shape `OT1/ptm/b/it' tried instead on input line 1090.

LaTeX Font Info:    Font shape `OT1/ptm/bx/n' in size <17> not available
(Font)              Font shape `OT1/ptm/b/n' tried instead on input line 1090.
LaTeX Font Info:    Font shape `OT1/ptm/bx/it' in size <17> not available
(Font)              Font shape `OT1/ptm/b/it' tried instead on input line 1090.

LaTeX Font Info:    Font shape `OT1/ptm/bx/n' in size <20> not available
(Font)              Font shape `OT1/ptm/b/n' tried instead on input line 1090.
LaTeX Font Info:    Font shape `OT1/ptm/bx/it' in size <20> not available
(Font)              Font shape `OT1/ptm/b/it' tried instead on input line 1090.

LaTeX Font Info:    Font shape `OT1/ptm/bx/n' in size <24> not available
(Font)              Font shape `OT1/ptm/b/n' tried instead on input line 1090.
LaTeX Font Info:    Font shape `OT1/ptm/bx/it' in size <24> not available
(Font)              Font shape `OT1/ptm/b/it' tried instead on input line 1090.

\IEEEquantizedlength=\dimen157
\IEEEquantizedlengthdiff=\dimen158
\IEEEquantizedtextheightdiff=\dimen159
\IEEEilabelindentA=\dimen160
\IEEEilabelindentB=\dimen161
\IEEEilabelindent=\dimen162
\IEEEelabelindent=\dimen163
\IEEEdlabelindent=\dimen164
\IEEElabelindent=\dimen165
\IEEEiednormlabelsep=\dimen166
\IEEEiedmathlabelsep=\dimen167
\IEEEiedtopsep=\skip49
\c@section=\count278
\c@subsection=\count279
\c@subsubsection=\count280
\c@paragraph=\count281
\c@IEEEsubequation=\count282
\abovecaptionskip=\skip50
\belowcaptionskip=\skip51
\c@figure=\count283
\c@table=\count284
\@IEEEeqnnumcols=\count285
\@IEEEeqncolcnt=\count286
\@IEEEsubeqnnumrollback=\count287
\@IEEEquantizeheightA=\dimen168
\@IEEEquantizeheightB=\dimen169
\@IEEEquantizeheightC=\dimen170
\@IEEEquantizeprevdepth=\dimen171
\@IEEEquantizemultiple=\count288
\@IEEEquantizeboxA=\box53
\@IEEEtmpitemindent=\dimen172
\IEEEPARstartletwidth=\dimen173
\c@IEEEbiography=\count289
\@IEEEtranrubishbin=\box54
)
** ATTENTION: Overriding command lockouts (line 2).
(D:\Miktex\tex/latex/cite\cite.sty
LaTeX Info: Redefining \cite on input line 302.
LaTeX Info: Redefining \nocite on input line 332.
Package: cite 2015/02/27  v 5.5
) (D:\Miktex\tex/latex/amsmath\amsmath.sty
Package: amsmath 2025/07/09 v2.17z AMS math features
\@mathmargin=\skip52

For additional information on amsmath, use the `?' option.
(D:\Miktex\tex/latex/amsmath\amstext.sty
Package: amstext 2024/11/17 v2.01 AMS text

(D:\Miktex\tex/latex/amsmath\amsgen.sty
File: amsgen.sty 1999/11/30 v2.0 generic functions
\@emptytoks=\toks18
\ex@=\dimen174
))
(D:\Miktex\tex/latex/amsmath\amsbsy.sty
Package: amsbsy 1999/11/29 v1.2d Bold Symbols
\pmbraise@=\dimen175
)
(D:\Miktex\tex/latex/amsmath\amsopn.sty
Package: amsopn 2022/04/08 v2.04 operator names
)
\inf@bad=\count290
LaTeX Info: Redefining \frac on input line 233.
\uproot@=\count291
\leftroot@=\count292
LaTeX Info: Redefining \overline on input line 398.
LaTeX Info: Redefining \colon on input line 409.
\classnum@=\count293
\DOTSCASE@=\count294
LaTeX Info: Redefining \ldots on input line 495.
LaTeX Info: Redefining \dots on input line 498.
LaTeX Info: Redefining \cdots on input line 619.
\Mathstrutbox@=\box55
\strutbox@=\box56
LaTeX Info: Redefining \big on input line 721.
LaTeX Info: Redefining \Big on input line 722.
LaTeX Info: Redefining \bigg on input line 723.
LaTeX Info: Redefining \Bigg on input line 724.
\big@size=\dimen176
LaTeX Font Info:    Redeclaring font encoding OML on input line 742.
LaTeX Font Info:    Redeclaring font encoding OMS on input line 743.
\macc@depth=\count295
LaTeX Info: Redefining \bmod on input line 904.
LaTeX Info: Redefining \pmod on input line 909.
LaTeX Info: Redefining \smash on input line 939.
LaTeX Info: Redefining \relbar on input line 969.
LaTeX Info: Redefining \Relbar on input line 970.
\c@MaxMatrixCols=\count296
\dotsspace@=\muskip17
\c@parentequation=\count297
\dspbrk@lvl=\count298
\tag@help=\toks19
\row@=\count299
\column@=\count300
\maxfields@=\count301
\andhelp@=\toks20
\eqnshift@=\dimen177
\alignsep@=\dimen178
\tagshift@=\dimen179
\tagwidth@=\dimen180
\totwidth@=\dimen181
\lineht@=\dimen182
\@envbody=\toks21
\multlinegap=\skip53
\multlinetaggap=\skip54
\mathdisplay@stack=\toks22
LaTeX Info: Redefining \[ on input line 2950.
LaTeX Info: Redefining \] on input line 2951.
)
(D:\Miktex\tex/latex/amsfonts\amssymb.sty
Package: amssymb 2013/01/14 v3.01 AMS font symbols

(D:\Miktex\tex/latex/amsfonts\amsfonts.sty
Package: amsfonts 2013/01/14 v3.01 Basic AMSFonts support
\symAMSa=\mathgroup4
\symAMSb=\mathgroup5
LaTeX Font Info:    Redeclaring math symbol \hbar on input line 98.
LaTeX Font Info:    Overwriting math alphabet `\mathfrak' in version `bold'
(Font)                  U/euf/m/n --> U/euf/b/n on input line 106.
))
(D:\Miktex\tex/latex/algorithms\algorithm.sty
Package: algorithm 2009/08/24 v0.1 Document Style `algorithm' - floating enviro
nment

(D:\Miktex\tex/latex/float\float.sty
Package: float 2001/11/08 v1.3d Float enhancements (AL)
\c@float@type=\count302
\float@exts=\toks23
\float@box=\box57
\@float@everytoks=\toks24
\@floatcapt=\box58
) (D:\Miktex\tex/latex/base\ifthen.sty
Package: ifthen 2024/03/16 v1.1e Standard LaTeX ifthen package (DPC)
)
\@float@every@algorithm=\toks25
\c@algorithm=\count303
)
(D:\Miktex\tex/latex/algorithms\algorithmic.sty
Package: algorithmic 2009/08/24 v0.1 Document Style `algorithmic'

(D:\Miktex\tex/latex/graphics\keyval.sty
Package: keyval 2022/05/29 v1.15 key=value parser (DPC)
\KV@toks@=\toks26
)
\c@ALC@unique=\count304
\c@ALC@line=\count305
\c@ALC@rem=\count306
\c@ALC@depth=\count307
\ALC@tlm=\skip55
\algorithmicindent=\skip56
)
(D:\Miktex\tex/latex/graphics\graphicx.sty
Package: graphicx 2024/12/31 v1.2e Enhanced LaTeX Graphics (DPC,SPQR)

(D:\Miktex\tex/latex/graphics\graphics.sty
Package: graphics 2024/08/06 v1.4g Standard LaTeX Graphics (DPC,SPQR)

(D:\Miktex\tex/latex/graphics\trig.sty
Package: trig 2023/12/02 v1.11 sin cos tan (DPC)
)
(D:\Miktex\tex/latex/graphics-cfg\graphics.cfg
File: graphics.cfg 2016/06/04 v1.11 sample graphics configuration
)
Package graphics Info: Driver file: pdftex.def on input line 106.

(D:\Miktex\tex/latex/graphics-def\pdftex.def
File: pdftex.def 2025/09/29 v1.2d Graphics/color driver for pdftex
))
\Gin@req@height=\dimen183
\Gin@req@width=\dimen184
)
(D:\Miktex\tex/latex/base\textcomp.sty
Package: textcomp 2024/04/24 v2.1b Standard LaTeX package
) (D:\Miktex\tex/latex/xcolor\xcolor.sty
Package: xcolor 2024/09/29 v3.02 LaTeX color extensions (UK)

(D:\Miktex\tex/latex/graphics-cfg\color.cfg
File: color.cfg 2016/01/02 v1.6 sample color configuration
)
Package xcolor Info: Driver file: pdftex.def on input line 274.

(D:\Miktex\tex/latex/graphics\mathcolor.ltx)
Package xcolor Info: Model `cmy' substituted by `cmy0' on input line 1349.
Package xcolor Info: Model `hsb' substituted by `rgb' on input line 1353.
Package xcolor Info: Model `RGB' extended on input line 1365.
Package xcolor Info: Model `HTML' substituted by `rgb' on input line 1367.
Package xcolor Info: Model `Hsb' substituted by `hsb' on input line 1368.
Package xcolor Info: Model `tHsb' substituted by `hsb' on input line 1369.
Package xcolor Info: Model `HSB' substituted by `hsb' on input line 1370.
Package xcolor Info: Model `Gray' substituted by `gray' on input line 1371.
Package xcolor Info: Model `wave' substituted by `hsb' on input line 1372.
)
(D:\Miktex\tex/latex/l3backend\l3backend-pdftex.def
File: l3backend-pdftex.def 2026-02-18 L3 backend support: PDF output (pdfTeX)
\l__color_backend_stack_int=\count308
) (main_en.aux)
\openout1 = `main_en.aux'.

LaTeX Font Info:    Checking defaults for OML/cmm/m/it on input line 14.
LaTeX Font Info:    ... okay on input line 14.
LaTeX Font Info:    Checking defaults for OMS/cmsy/m/n on input line 14.
LaTeX Font Info:    ... okay on input line 14.
LaTeX Font Info:    Checking defaults for OT1/cmr/m/n on input line 14.
LaTeX Font Info:    ... okay on input line 14.
LaTeX Font Info:    Checking defaults for T1/cmr/m/n on input line 14.
LaTeX Font Info:    ... okay on input line 14.
LaTeX Font Info:    Checking defaults for TS1/cmr/m/n on input line 14.
LaTeX Font Info:    ... okay on input line 14.
LaTeX Font Info:    Checking defaults for OMX/cmex/m/n on input line 14.
LaTeX Font Info:    ... okay on input line 14.
LaTeX Font Info:    Checking defaults for U/cmr/m/n on input line 14.
LaTeX Font Info:    ... okay on input line 14.

-- Lines per column: 56 (exact).
(D:\Miktex\tex/context/base/mkii\supp-pdf.mkii
[Loading MPS to PDF converter (version 2006.09.02).]
\scratchcounter=\count309
\scratchdimen=\dimen185
\scratchbox=\box59
\nofMPsegments=\count310
\nofMParguments=\count311
\everyMPshowfont=\toks27
\MPscratchCnt=\count312
\MPscratchDim=\dimen186
\MPnumerator=\count313
\makeMPintoPDFobject=\count314
\everyMPtoPDFconversion=\toks28
) (D:\Miktex\tex/latex/epstopdf-pkg\epstopdf-base.sty
Package: epstopdf-base 2020-01-24 v2.11 Base part for package epstopdf
Package epstopdf-base Info: Redefining graphics rule for `.eps' on input line 4
85.

(D:\Miktex\tex/latex/00miktex\epstopdf-sys.cfg
File: epstopdf-sys.cfg 2021/03/18 v2.0 Configuration of epstopdf for MiKTeX
))

LaTeX Warning: Citation `zhang2020oil' on page 1 undefined on input line 34.


LaTeX Warning: Citation `fingas2022overview' on page 1 undefined on input line 
34.


LaTeX Warning: Citation `cortes2004coverage' on page 1 undefined on input line 
36.


LaTeX Warning: Citation `du2006lloyd' on page 1 undefined on input line 36.

LaTeX Font Info:    Trying to load font information for U+msa on input line 42.

(D:\Miktex\tex/latex/amsfonts\umsa.fd
File: umsa.fd 2013/01/14 v3.01 AMS symbols A
)
LaTeX Font Info:    Trying to load font information for U+msb on input line 42.

 (D:\Miktex\tex/latex/amsfonts\umsb.fd
File: umsb.fd 2013/01/14 v3.01 AMS symbols B
)
Underfull \hbox (badness 10000) in paragraph at lines 42--43
[]\OT1/ptm/m/n/10 A continuous-release three-dimensional advection--
 []


Underfull \hbox (badness 7168) in paragraph at lines 42--43
\OT1/ptm/m/n/10 diffusion--decay plume model is de-vel-oped us-ing
 []


Underfull \hbox (badness 1484) in paragraph at lines 43--44
[]\OT1/ptm/m/n/10 A volume-based three-dimensional Voronoi cov-er-age
 []


LaTeX Warning: Citation `cortes2004coverage' on page 1 undefined on input line 
50.


Underfull \vbox (badness 10000) has occurred while \output is active []

 [1{C:/Users/25758/AppData/Local/MiKTeX/fonts/map/pdftex/pdftex.map}{D:/Miktex/
fonts/enc/dvips/base/8r.enc}


]

LaTeX Warning: Citation `du2006lloyd' on page 2 undefined on input line 52.


LaTeX Warning: Citation `pierson2019generalized' on page 2 undefined on input l
ine 55.


LaTeX Warning: Citation `zhang2020oil' on page 2 undefined on input line 58.


LaTeX Warning: Citation `fingas2022overview' on page 2 undefined on input line 
58.


Overfull \hbox (32.72687pt too wide) detected at line 135
[][] \OT1/cmr/m/n/10 + \OML/cmm/m/it/10 u[] \OT1/cmr/m/n/10 + \OML/cmm/m/it/10 
w[][] \OT1/cmr/m/n/10 = \OML/cmm/m/it/10 D[][] \OT1/cmr/m/n/10 + \OML/cmm/m/it/
10 D[][] \OT1/cmr/m/n/10 + \OML/cmm/m/it/10 D[][] \OMS/cmsy/m/n/10 ^^@ \OML/cmm
/m/it/10 ^^UC \OT1/cmr/m/n/10 + \OML/cmm/m/it/10 Q^^N\OT1/cmr/m/n/10 (\OML/cmm/
m/it/10 q \OMS/cmsy/m/n/10 ^^@ \OML/cmm/m/it/10 q[]\OT1/cmr/m/n/10 )\OML/cmm/m/
it/10 :
 []

[2]
Overfull \hbox (20.79018pt too wide) detected at line 165
[][][]
 []


Overfull \hbox (11.05373pt too wide) detected at line 228
[]\OML/cmm/m/it/10 v[]\OT1/cmr/m/n/10 (\OML/cmm/m/it/10 t\OT1/cmr/m/n/10 ) = \O
ML/cmm/m/it/10 k[]\OT1/cmr/m/n/10 (\OML/cmm/m/it/10 c[]\OT1/cmr/m/n/10 (\OML/cm
m/m/it/10 t\OT1/cmr/m/n/10 ) \OMS/cmsy/m/n/10 ^^@ \OML/cmm/m/it/10 p[]\OT1/cmr/
m/n/10 (\OML/cmm/m/it/10 t\OT1/cmr/m/n/10 )) + \OML/cmm/m/it/10 ^^M[][]\OT1/cmr
/m/n/10 (\OML/cmm/m/it/10 t\OT1/cmr/m/n/10 ) + \OML/cmm/m/it/10 k[]\OT1/cmr/m/n
/10 (\OML/cmm/m/it/10 b[]\OT1/cmr/m/n/10 (\OML/cmm/m/it/10 t\OT1/cmr/m/n/10 ) \
OMS/cmsy/m/n/10 ^^@ \OML/cmm/m/it/10 p[]\OT1/cmr/m/n/10 (\OML/cmm/m/it/10 t\OT1
/cmr/m/n/10 )) + \OML/cmm/m/it/10 v[]\OT1/cmr/m/n/10 (\OML/cmm/m/it/10 t\OT1/cm
r/m/n/10 )\OML/cmm/m/it/10 :
 []


LaTeX Warning: Reference `alg:cvt_dbt' on page 3 undefined on input line 261.

[3]

LaTeX Warning: Reference `tab:params' on page 4 undefined on input line 326.


Underfull \hbox (badness 6775) in paragraph at lines 361--363
\OT1/ptm/m/n/10 The lawn-mower method fol-lows a pre-planned three-
 []

[4]

LaTeX Warning: Reference `fig:plume' on page 5 undefined on input line 397.


LaTeX Warning: File `figures/step8_plume_agents_tracking.png' not found on inpu
t line 400.


! Package pdftex.def Error: File `figures/step8_plume_agents_tracking.png' not 
found: using draft setting.

See the pdftex.def package documentation for explanation.
Type  H <return>  for immediate help.
 ...                                              
                                                  
l.400 ...figures/step8_plume_agents_tracking.png}}
                                                  
Try typing  <return>  to proceed.
If that doesn't work, type  X <return>  to quit.

 
Here is how much of TeX's memory you used:
 4391 strings out of 467690
 67817 string characters out of 5431801
 500605 words of memory out of 5000000
 33406 multiletter control sequences out of 15000+600000
 666752 words of font info for 115 fonts, out of 8000000 for 9000
 1141 hyphenation exceptions out of 8191
 57i,11n,65p,1914b,409s stack positions out of 10000i,1000n,20000p,200000b,200000s
!  ==> Fatal error occurred, no output PDF file produced!
